[2021-12-24T23:32:02.945] [WARN] out - POST  /boards/gyjyj?ujyum&frgrg=45  {"ujyum":"","frgrg":"45"}  -  405
[2021-12-24T23:32:35.834] [INFO] out - POST  /boards  {}  [object Object]  201
[2021-12-24T23:33:16.344] [INFO] out - POST  /boards  {}  [object Object]  201
[2021-12-24T23:33:19.065] [INFO] out - POST  /boards  {}  [object Object]  201
[2021-12-24T23:33:55.532] [INFO] out - POST  /boards  {}  [object Object]  201
[2021-12-24T23:33:57.626] [INFO] out - POST  /boards  {}  [object Object]  201
[2021-12-24T23:35:53.303] [INFO] out - POST  /boards  {}  {"id":"49442c0d-b6aa-49a4-bf66-1197b6e3c9e1","title":"new","columns":[{"title":"columnupdated1","order":1},{"title":"columnupdated2","order":2}]}  201
[2021-12-24T23:35:55.466] [INFO] out - POST  /boards  {}  {"id":"cfd71cc0-f6fe-4d5e-acf0-6b06183b8084","title":"new","columns":[{"title":"columnupdated1","order":1},{"title":"columnupdated2","order":2}]}  201
[2021-12-24T23:36:43.843] [INFO] out - POST  /boards  -  {"id":"3161343b-f375-4114-9c9e-0a4439a08c4b","title":"new","columns":[{"title":"columnupdated1","order":1},{"title":"columnupdated2","order":2}]}  201
[2021-12-24T23:36:46.694] [INFO] out - POST  /boards  -  {"id":"b8035958-e60f-4482-9ac2-e466b9d82f59","title":"new","columns":[{"title":"columnupdated1","order":1},{"title":"columnupdated2","order":2}]}  201
[2021-12-24T23:36:48.053] [INFO] out - POST  /boards  -  {"id":"66754a89-7836-42d6-91a3-d44c7de07d44","title":"new","columns":[{"title":"columnupdated1","order":1},{"title":"columnupdated2","order":2}]}  201
[2021-12-24T23:37:28.334] [INFO] out - POST  /boards  -  -  201
[2021-12-24T23:37:41.771] [INFO] out - POST  /boards  -  -  201
[2021-12-24T23:38:03.918] [INFO] out - POST  /boards  -  -  201
[2021-12-24T23:38:23.535] [INFO] out - POST  /boards  -  [object Object]  201
[2021-12-25T00:01:22.016] [INFO] out - POST  /boards  -  {"id":"b2b1adf2-f67b-4ed3-a761-bee781c663f4","title":"Autotest board","columns":[{"title":"Backlog","order":1},{"title":"Sprint","order":2}]}  201
[2021-12-25T00:01:22.032] [INFO] out - POST  /boards/b2b1adf2-f67b-4ed3-a761-bee781c663f4/tasks  -  {"id":"6bae4db0-679b-492e-9555-6d9411070d8f","title":"Autotest task","order":0,"description":"Lorem ipsum","userId":null,"boardId":"b2b1adf2-f67b-4ed3-a761-bee781c663f4","columnId":null}  201
[2021-12-25T00:01:22.047] [INFO] out - GET  /boards/b2b1adf2-f67b-4ed3-a761-bee781c663f4/tasks  -  [{"id":"6bae4db0-679b-492e-9555-6d9411070d8f","title":"Autotest task","order":0,"description":"Lorem ipsum","userId":null,"boardId":"b2b1adf2-f67b-4ed3-a761-bee781c663f4","columnId":null}]  200
[2021-12-25T00:01:22.071] [INFO] out - GET  /boards/b2b1adf2-f67b-4ed3-a761-bee781c663f4/tasks  -  [{"id":"6bae4db0-679b-492e-9555-6d9411070d8f","title":"Autotest task","order":0,"description":"Lorem ipsum","userId":null,"boardId":"b2b1adf2-f67b-4ed3-a761-bee781c663f4","columnId":null}]  200
[2021-12-25T00:01:22.078] [INFO] out - GET  /boards/b2b1adf2-f67b-4ed3-a761-bee781c663f4/tasks/6bae4db0-679b-492e-9555-6d9411070d8f  -  {"id":"6bae4db0-679b-492e-9555-6d9411070d8f","title":"Autotest task","order":0,"description":"Lorem ipsum","userId":null,"boardId":"b2b1adf2-f67b-4ed3-a761-bee781c663f4","columnId":null}  200
[2021-12-25T00:01:22.086] [INFO] out - POST  /boards/b2b1adf2-f67b-4ed3-a761-bee781c663f4/tasks  -  {"id":"bb6729e1-b609-4ff5-8e79-9c98eceec60f","title":"Autotest task","order":0,"description":"Lorem ipsum","userId":null,"boardId":"b2b1adf2-f67b-4ed3-a761-bee781c663f4","columnId":null}  201
[2021-12-25T00:04:09.705] [INFO] out - POST  /boards  {}  {"id":"720211c9-7da1-4009-b981-0c4a62642275","title":"Autotest board","columns":[{"title":"Backlog","order":1},{"title":"Sprint","order":2}]}  201
[2021-12-25T00:04:09.718] [INFO] out - POST  /boards/720211c9-7da1-4009-b981-0c4a62642275/tasks  {}  {"id":"fb044246-36c6-43b9-b836-f484f5b2172f","title":"Autotest task","order":0,"description":"Lorem ipsum","userId":null,"boardId":"720211c9-7da1-4009-b981-0c4a62642275","columnId":null}  201
[2021-12-25T00:04:09.734] [INFO] out - GET  /boards/720211c9-7da1-4009-b981-0c4a62642275/tasks  {}  [{"id":"fb044246-36c6-43b9-b836-f484f5b2172f","title":"Autotest task","order":0,"description":"Lorem ipsum","userId":null,"boardId":"720211c9-7da1-4009-b981-0c4a62642275","columnId":null}]  200
[2021-12-25T00:04:09.748] [INFO] out - GET  /boards/720211c9-7da1-4009-b981-0c4a62642275/tasks  {}  [{"id":"fb044246-36c6-43b9-b836-f484f5b2172f","title":"Autotest task","order":0,"description":"Lorem ipsum","userId":null,"boardId":"720211c9-7da1-4009-b981-0c4a62642275","columnId":null}]  200
[2021-12-25T00:04:09.752] [INFO] out - GET  /boards/720211c9-7da1-4009-b981-0c4a62642275/tasks/fb044246-36c6-43b9-b836-f484f5b2172f  {}  {"id":"fb044246-36c6-43b9-b836-f484f5b2172f","title":"Autotest task","order":0,"description":"Lorem ipsum","userId":null,"boardId":"720211c9-7da1-4009-b981-0c4a62642275","columnId":null}  200
[2021-12-25T00:04:09.758] [INFO] out - POST  /boards/720211c9-7da1-4009-b981-0c4a62642275/tasks  {}  {"id":"76ce0ddd-fd49-4095-8473-af424c4b5789","title":"Autotest task","order":0,"description":"Lorem ipsum","userId":null,"boardId":"720211c9-7da1-4009-b981-0c4a62642275","columnId":null}  201
[2021-12-25T00:04:09.761] [INFO] out - DELETE  /boards/720211c9-7da1-4009-b981-0c4a62642275/tasks/76ce0ddd-fd49-4095-8473-af424c4b5789  {}  -  204
[2021-12-25T00:04:09.764] [INFO] out - POST  /boards/720211c9-7da1-4009-b981-0c4a62642275/tasks  {}  {"id":"bacff94c-a414-46ea-9e72-aa5ff2140bdd","title":"Autotest task","order":0,"description":"Lorem ipsum","userId":null,"boardId":"720211c9-7da1-4009-b981-0c4a62642275","columnId":null}  201
[2021-12-25T00:04:09.768] [INFO] out - PUT  /boards/720211c9-7da1-4009-b981-0c4a62642275/tasks/bacff94c-a414-46ea-9e72-aa5ff2140bdd  {}  {"id":"bacff94c-a414-46ea-9e72-aa5ff2140bdd","title":"Autotest updated task","order":0,"description":"Lorem ipsum","userId":null,"boardId":"720211c9-7da1-4009-b981-0c4a62642275","columnId":null}  200
[2021-12-25T00:04:09.772] [INFO] out - GET  /boards/720211c9-7da1-4009-b981-0c4a62642275/tasks/bacff94c-a414-46ea-9e72-aa5ff2140bdd  {}  {"id":"bacff94c-a414-46ea-9e72-aa5ff2140bdd","title":"Autotest updated task","order":0,"description":"Lorem ipsum","userId":null,"boardId":"720211c9-7da1-4009-b981-0c4a62642275","columnId":null}  200
[2021-12-25T00:04:09.777] [INFO] out - GET  /boards/720211c9-7da1-4009-b981-0c4a62642275/tasks/fb044246-36c6-43b9-b836-f484f5b2172f  {}  {"id":"fb044246-36c6-43b9-b836-f484f5b2172f","title":"Autotest task","order":0,"description":"Lorem ipsum","userId":null,"boardId":"720211c9-7da1-4009-b981-0c4a62642275","columnId":null}  200
[2021-12-25T00:04:09.780] [INFO] out - DELETE  /boards/720211c9-7da1-4009-b981-0c4a62642275/tasks/fb044246-36c6-43b9-b836-f484f5b2172f  {}  -  204
[2021-12-25T00:04:09.783] [WARN] out - GET  /boards/720211c9-7da1-4009-b981-0c4a62642275/tasks/fb044246-36c6-43b9-b836-f484f5b2172f  {}  "Task not found!"  404
[2021-12-25T00:04:09.786] [INFO] out - DELETE  /boards/720211c9-7da1-4009-b981-0c4a62642275  {}  -  204
[2021-12-25T00:04:10.032] [INFO] out - POST  /boards  {}  {"id":"d2c9b16e-40fa-44e8-a73e-a20e496673b1","title":"Autotest board","columns":[{"title":"Backlog","order":1},{"title":"Sprint","order":2}]}  201
[2021-12-25T00:04:10.055] [INFO] out - GET  /boards  {}  [{"id":"d2c9b16e-40fa-44e8-a73e-a20e496673b1","title":"Autotest board","columns":[{"title":"Backlog","order":1},{"title":"Sprint","order":2}]}]  200
[2021-12-25T00:04:10.074] [INFO] out - GET  /boards  {}  [{"id":"d2c9b16e-40fa-44e8-a73e-a20e496673b1","title":"Autotest board","columns":[{"title":"Backlog","order":1},{"title":"Sprint","order":2}]}]  200
[2021-12-25T00:04:10.080] [INFO] out - GET  /boards/d2c9b16e-40fa-44e8-a73e-a20e496673b1  {}  {"id":"d2c9b16e-40fa-44e8-a73e-a20e496673b1","title":"Autotest board","columns":[{"title":"Backlog","order":1},{"title":"Sprint","order":2}]}  200
[2021-12-25T00:04:10.087] [INFO] out - POST  /boards  {}  {"id":"291fcdfc-edb9-4fca-8e81-2a3bfa38399b","title":"Autotest board","columns":[{"title":"Backlog","order":1},{"title":"Sprint","order":2}]}  201
[2021-12-25T00:04:10.091] [INFO] out - DELETE  /boards/291fcdfc-edb9-4fca-8e81-2a3bfa38399b  {}  -  204
[2021-12-25T00:04:10.095] [INFO] out - POST  /boards  {}  {"id":"182bf7cc-3bc9-46e7-be9c-fb20157ce4ba","title":"Autotest board","columns":[{"title":"Backlog","order":1},{"title":"Sprint","order":2}]}  201
[2021-12-25T00:04:10.099] [INFO] out - PUT  /boards/182bf7cc-3bc9-46e7-be9c-fb20157ce4ba  {}  {"id":"182bf7cc-3bc9-46e7-be9c-fb20157ce4ba","title":"Autotest updated board","columns":[{"title":"Backlog","order":1},{"title":"Sprint","order":2}]}  200
[2021-12-25T00:04:10.104] [INFO] out - GET  /boards/182bf7cc-3bc9-46e7-be9c-fb20157ce4ba  {}  {"id":"182bf7cc-3bc9-46e7-be9c-fb20157ce4ba","title":"Autotest updated board","columns":[{"title":"Backlog","order":1},{"title":"Sprint","order":2}]}  200
[2021-12-25T00:04:10.108] [INFO] out - DELETE  /boards/182bf7cc-3bc9-46e7-be9c-fb20157ce4ba  {}  -  204
[2021-12-25T00:04:10.113] [INFO] out - POST  /boards  {}  {"id":"dda4e1e1-3708-4778-8256-a35cd72ef038","title":"Autotest board","columns":[{"title":"Backlog","order":1},{"title":"Sprint","order":2}]}  201
[2021-12-25T00:04:10.115] [INFO] out - DELETE  /boards/dda4e1e1-3708-4778-8256-a35cd72ef038  {}  -  204
[2021-12-25T00:04:10.120] [WARN] out - GET  /boards/dda4e1e1-3708-4778-8256-a35cd72ef038  {}  "Board not found!"  404
[2021-12-25T00:04:10.124] [INFO] out - POST  /boards  {}  {"id":"f47cc16d-d840-44e9-b3ed-109f584ba03a","title":"Autotest board","columns":[{"title":"Backlog","order":1},{"title":"Sprint","order":2}]}  201
[2021-12-25T00:04:10.139] [INFO] out - POST  /boards/f47cc16d-d840-44e9-b3ed-109f584ba03a/tasks  {}  {"id":"d720002a-96b8-4e05-a63a-26a6aadab343","title":"Task #1","order":1,"description":"Lorem ipsum","userId":null,"boardId":"f47cc16d-d840-44e9-b3ed-109f584ba03a","columnId":null}  201
[2021-12-25T00:04:10.140] [INFO] out - POST  /boards/f47cc16d-d840-44e9-b3ed-109f584ba03a/tasks  {}  {"id":"ce7b250e-0cdc-4a58-af06-f9f9e9072d29","title":"Task #2","order":2,"description":"Lorem ipsum","userId":null,"boardId":"f47cc16d-d840-44e9-b3ed-109f584ba03a","columnId":null}  201
[2021-12-25T00:04:10.140] [INFO] out - POST  /boards/f47cc16d-d840-44e9-b3ed-109f584ba03a/tasks  {}  {"id":"20d6b545-ffe5-4f64-8bab-7af96ece3fe6","title":"Task #3","order":3,"description":"Lorem ipsum","userId":null,"boardId":"f47cc16d-d840-44e9-b3ed-109f584ba03a","columnId":null}  201
[2021-12-25T00:04:10.141] [INFO] out - POST  /boards/f47cc16d-d840-44e9-b3ed-109f584ba03a/tasks  {}  {"id":"d7201451-108d-420f-9ce2-f1c7b1b55b59","title":"Task #4","order":4,"description":"Lorem ipsum","userId":null,"boardId":"f47cc16d-d840-44e9-b3ed-109f584ba03a","columnId":null}  201
[2021-12-25T00:04:10.141] [INFO] out - POST  /boards/f47cc16d-d840-44e9-b3ed-109f584ba03a/tasks  {}  {"id":"0baec0ab-f8d9-4cca-9b23-0ecea77a1571","title":"Task #5","order":5,"description":"Lorem ipsum","userId":null,"boardId":"f47cc16d-d840-44e9-b3ed-109f584ba03a","columnId":null}  201
[2021-12-25T00:04:10.149] [INFO] out - GET  /boards/f47cc16d-d840-44e9-b3ed-109f584ba03a/tasks/d720002a-96b8-4e05-a63a-26a6aadab343  {}  {"id":"d720002a-96b8-4e05-a63a-26a6aadab343","title":"Task #1","order":1,"description":"Lorem ipsum","userId":null,"boardId":"f47cc16d-d840-44e9-b3ed-109f584ba03a","columnId":null}  200
[2021-12-25T00:04:10.151] [INFO] out - GET  /boards/f47cc16d-d840-44e9-b3ed-109f584ba03a/tasks/ce7b250e-0cdc-4a58-af06-f9f9e9072d29  {}  {"id":"ce7b250e-0cdc-4a58-af06-f9f9e9072d29","title":"Task #2","order":2,"description":"Lorem ipsum","userId":null,"boardId":"f47cc16d-d840-44e9-b3ed-109f584ba03a","columnId":null}  200
[2021-12-25T00:04:10.152] [INFO] out - GET  /boards/f47cc16d-d840-44e9-b3ed-109f584ba03a/tasks/20d6b545-ffe5-4f64-8bab-7af96ece3fe6  {}  {"id":"20d6b545-ffe5-4f64-8bab-7af96ece3fe6","title":"Task #3","order":3,"description":"Lorem ipsum","userId":null,"boardId":"f47cc16d-d840-44e9-b3ed-109f584ba03a","columnId":null}  200
[2021-12-25T00:04:10.153] [INFO] out - GET  /boards/f47cc16d-d840-44e9-b3ed-109f584ba03a/tasks/d7201451-108d-420f-9ce2-f1c7b1b55b59  {}  {"id":"d7201451-108d-420f-9ce2-f1c7b1b55b59","title":"Task #4","order":4,"description":"Lorem ipsum","userId":null,"boardId":"f47cc16d-d840-44e9-b3ed-109f584ba03a","columnId":null}  200
[2021-12-25T00:04:10.153] [INFO] out - GET  /boards/f47cc16d-d840-44e9-b3ed-109f584ba03a/tasks/0baec0ab-f8d9-4cca-9b23-0ecea77a1571  {}  {"id":"0baec0ab-f8d9-4cca-9b23-0ecea77a1571","title":"Task #5","order":5,"description":"Lorem ipsum","userId":null,"boardId":"f47cc16d-d840-44e9-b3ed-109f584ba03a","columnId":null}  200
[2021-12-25T00:04:10.156] [INFO] out - DELETE  /boards/f47cc16d-d840-44e9-b3ed-109f584ba03a  {}  -  204
[2021-12-25T00:04:10.166] [WARN] out - GET  /boards/f47cc16d-d840-44e9-b3ed-109f584ba03a/tasks/d720002a-96b8-4e05-a63a-26a6aadab343  {}  "Task not found!"  404
[2021-12-25T00:04:10.167] [WARN] out - GET  /boards/f47cc16d-d840-44e9-b3ed-109f584ba03a/tasks/ce7b250e-0cdc-4a58-af06-f9f9e9072d29  {}  "Task not found!"  404
[2021-12-25T00:04:10.167] [WARN] out - GET  /boards/f47cc16d-d840-44e9-b3ed-109f584ba03a/tasks/20d6b545-ffe5-4f64-8bab-7af96ece3fe6  {}  "Task not found!"  404
[2021-12-25T00:04:10.168] [WARN] out - GET  /boards/f47cc16d-d840-44e9-b3ed-109f584ba03a/tasks/d7201451-108d-420f-9ce2-f1c7b1b55b59  {}  "Task not found!"  404
[2021-12-25T00:04:10.168] [WARN] out - GET  /boards/f47cc16d-d840-44e9-b3ed-109f584ba03a/tasks/0baec0ab-f8d9-4cca-9b23-0ecea77a1571  {}  "Task not found!"  404
[2021-12-25T00:04:10.172] [INFO] out - DELETE  /boards/d2c9b16e-40fa-44e8-a73e-a20e496673b1  {}  -  204
[2021-12-25T00:04:10.440] [INFO] out - GET  /users  {}  []  200
[2021-12-25T00:04:10.449] [INFO] out - POST  /users  {}  {"id":"c4b54c41-c81c-4189-b277-455b3a3bad17","name":"TEST_USER","login":"test_user"}  201
[2021-12-25T00:04:10.453] [INFO] out - GET  /users/c4b54c41-c81c-4189-b277-455b3a3bad17  {}  {"id":"c4b54c41-c81c-4189-b277-455b3a3bad17","name":"TEST_USER","login":"test_user"}  200
[2021-12-25T00:04:10.455] [INFO] out - DELETE  /users/c4b54c41-c81c-4189-b277-455b3a3bad17  {}  -  204
[2021-12-25T00:04:10.459] [INFO] out - POST  /users  {}  {"id":"6ae0a7b8-527f-4c6a-935d-2bb6831daf39","name":"TEST_USER","login":"test_user"}  201
[2021-12-25T00:04:10.464] [INFO] out - DELETE  /users/6ae0a7b8-527f-4c6a-935d-2bb6831daf39  {}  -  204
[2021-12-25T00:04:10.469] [INFO] out - POST  /users  {}  {"id":"b082e8a9-f83b-4804-ac1a-07545d24f535","name":"TEST_USER","login":"test_user"}  201
[2021-12-25T00:04:10.472] [INFO] out - PUT  /users/b082e8a9-f83b-4804-ac1a-07545d24f535  {}  {"id":"b082e8a9-f83b-4804-ac1a-07545d24f535","name":"Autotest updated TEST_USER","login":"test_user"}  200
[2021-12-25T00:04:10.474] [INFO] out - GET  /users/b082e8a9-f83b-4804-ac1a-07545d24f535  {}  {"id":"b082e8a9-f83b-4804-ac1a-07545d24f535","name":"Autotest updated TEST_USER","login":"test_user"}  200
[2021-12-25T00:04:10.477] [INFO] out - DELETE  /users/b082e8a9-f83b-4804-ac1a-07545d24f535  {}  -  204
[2021-12-25T00:04:10.479] [INFO] out - POST  /users  {}  {"id":"c90b0c21-6b18-4cb7-b141-570ada2ce1a6","name":"TEST_USER","login":"test_user"}  201
[2021-12-25T00:04:10.481] [INFO] out - DELETE  /users/c90b0c21-6b18-4cb7-b141-570ada2ce1a6  {}  -  204
[2021-12-25T00:04:10.484] [INFO] out - POST  /users  {}  {"id":"857a2d10-77b5-4fab-a7bf-f59aa6306f70","name":"TEST_USER","login":"test_user"}  201
[2021-12-25T00:04:10.487] [INFO] out - POST  /boards  {}  {"id":"5b355a7e-e971-42cb-b80f-4eda567c3fc9","title":"Autotest board","columns":[{"title":"Backlog","order":1},{"title":"Sprint","order":2}]}  201
[2021-12-25T00:04:10.490] [INFO] out - POST  /boards/5b355a7e-e971-42cb-b80f-4eda567c3fc9/tasks  {}  {"id":"00136b2f-0b90-459d-9f5c-f7099335f940","title":"Task #1","order":1,"description":"Lorem ipsum","userId":"857a2d10-77b5-4fab-a7bf-f59aa6306f70","boardId":"5b355a7e-e971-42cb-b80f-4eda567c3fc9","columnId":null}  201
[2021-12-25T00:04:10.491] [INFO] out - POST  /boards/5b355a7e-e971-42cb-b80f-4eda567c3fc9/tasks  {}  {"id":"71d26d07-d33c-4e4a-a558-57fe58c170f1","title":"Task #2","order":2,"description":"Lorem ipsum","userId":"857a2d10-77b5-4fab-a7bf-f59aa6306f70","boardId":"5b355a7e-e971-42cb-b80f-4eda567c3fc9","columnId":null}  201
[2021-12-25T00:04:10.493] [INFO] out - DELETE  /users/857a2d10-77b5-4fab-a7bf-f59aa6306f70  {}  -  204
[2021-12-25T00:04:10.495] [INFO] out - GET  /boards/5b355a7e-e971-42cb-b80f-4eda567c3fc9/tasks/00136b2f-0b90-459d-9f5c-f7099335f940  {}  {"id":"00136b2f-0b90-459d-9f5c-f7099335f940","title":"Task #1","order":1,"description":"Lorem ipsum","userId":null,"boardId":"5b355a7e-e971-42cb-b80f-4eda567c3fc9","columnId":null}  200
[2021-12-25T00:04:10.497] [INFO] out - GET  /boards/5b355a7e-e971-42cb-b80f-4eda567c3fc9/tasks/71d26d07-d33c-4e4a-a558-57fe58c170f1  {}  {"id":"71d26d07-d33c-4e4a-a558-57fe58c170f1","title":"Task #2","order":2,"description":"Lorem ipsum","userId":null,"boardId":"5b355a7e-e971-42cb-b80f-4eda567c3fc9","columnId":null}  200
[2021-12-25T00:04:10.500] [INFO] out - DELETE  /boards/5b355a7e-e971-42cb-b80f-4eda567c3fc9/tasks/00136b2f-0b90-459d-9f5c-f7099335f940  {}  -  204
[2021-12-25T00:04:10.500] [INFO] out - DELETE  /boards/5b355a7e-e971-42cb-b80f-4eda567c3fc9/tasks/71d26d07-d33c-4e4a-a558-57fe58c170f1  {}  -  204
[2021-12-25T00:04:10.503] [INFO] out - DELETE  /boards/5b355a7e-e971-42cb-b80f-4eda567c3fc9  {}  -  204
[2021-12-25T00:15:35.096] [INFO] out - POST  /boards  {}  {"id":"2a488847-8ab3-4d8f-b849-e8ea68efa121","title":"Autotest board","columns":[{"title":"Backlog","order":1},{"title":"Sprint","order":2}]}  201
[2021-12-25T00:15:35.108] [INFO] out - POST  /boards/2a488847-8ab3-4d8f-b849-e8ea68efa121/tasks  {}  {"id":"f2be54c3-9205-4b64-888d-f71658423d26","title":"Autotest task","order":0,"description":"Lorem ipsum","userId":null,"boardId":"2a488847-8ab3-4d8f-b849-e8ea68efa121","columnId":null}  201
[2021-12-25T00:15:35.123] [INFO] out - GET  /boards/2a488847-8ab3-4d8f-b849-e8ea68efa121/tasks  {}  [{"id":"f2be54c3-9205-4b64-888d-f71658423d26","title":"Autotest task","order":0,"description":"Lorem ipsum","userId":null,"boardId":"2a488847-8ab3-4d8f-b849-e8ea68efa121","columnId":null}]  200
[2021-12-25T00:15:35.136] [INFO] out - GET  /boards/2a488847-8ab3-4d8f-b849-e8ea68efa121/tasks  {}  [{"id":"f2be54c3-9205-4b64-888d-f71658423d26","title":"Autotest task","order":0,"description":"Lorem ipsum","userId":null,"boardId":"2a488847-8ab3-4d8f-b849-e8ea68efa121","columnId":null}]  200
[2021-12-25T00:15:35.140] [INFO] out - GET  /boards/2a488847-8ab3-4d8f-b849-e8ea68efa121/tasks/f2be54c3-9205-4b64-888d-f71658423d26  {}  {"id":"f2be54c3-9205-4b64-888d-f71658423d26","title":"Autotest task","order":0,"description":"Lorem ipsum","userId":null,"boardId":"2a488847-8ab3-4d8f-b849-e8ea68efa121","columnId":null}  200
[2021-12-25T00:15:35.146] [INFO] out - POST  /boards/2a488847-8ab3-4d8f-b849-e8ea68efa121/tasks  {}  {"id":"7ac917d1-27a1-4a9a-a05d-ace570cd0c59","title":"Autotest task","order":0,"description":"Lorem ipsum","userId":null,"boardId":"2a488847-8ab3-4d8f-b849-e8ea68efa121","columnId":null}  201
[2021-12-25T00:15:35.149] [INFO] out - DELETE  /boards/2a488847-8ab3-4d8f-b849-e8ea68efa121/tasks/7ac917d1-27a1-4a9a-a05d-ace570cd0c59  {}  -  204
[2021-12-25T00:15:35.153] [INFO] out - POST  /boards/2a488847-8ab3-4d8f-b849-e8ea68efa121/tasks  {}  {"id":"8392e4e3-519a-489a-a3ae-a953b5b95798","title":"Autotest task","order":0,"description":"Lorem ipsum","userId":null,"boardId":"2a488847-8ab3-4d8f-b849-e8ea68efa121","columnId":null}  201
[2021-12-25T00:15:35.158] [INFO] out - PUT  /boards/2a488847-8ab3-4d8f-b849-e8ea68efa121/tasks/8392e4e3-519a-489a-a3ae-a953b5b95798  {}  {"id":"8392e4e3-519a-489a-a3ae-a953b5b95798","title":"Autotest updated task","order":0,"description":"Lorem ipsum","userId":null,"boardId":"2a488847-8ab3-4d8f-b849-e8ea68efa121","columnId":null}  200
[2021-12-25T00:15:35.162] [INFO] out - GET  /boards/2a488847-8ab3-4d8f-b849-e8ea68efa121/tasks/8392e4e3-519a-489a-a3ae-a953b5b95798  {}  {"id":"8392e4e3-519a-489a-a3ae-a953b5b95798","title":"Autotest updated task","order":0,"description":"Lorem ipsum","userId":null,"boardId":"2a488847-8ab3-4d8f-b849-e8ea68efa121","columnId":null}  200
[2021-12-25T00:15:35.165] [INFO] out - GET  /boards/2a488847-8ab3-4d8f-b849-e8ea68efa121/tasks/f2be54c3-9205-4b64-888d-f71658423d26  {}  {"id":"f2be54c3-9205-4b64-888d-f71658423d26","title":"Autotest task","order":0,"description":"Lorem ipsum","userId":null,"boardId":"2a488847-8ab3-4d8f-b849-e8ea68efa121","columnId":null}  200
[2021-12-25T00:15:35.169] [INFO] out - DELETE  /boards/2a488847-8ab3-4d8f-b849-e8ea68efa121/tasks/f2be54c3-9205-4b64-888d-f71658423d26  {}  -  204
[2021-12-25T00:15:35.173] [WARN] out - GET  /boards/2a488847-8ab3-4d8f-b849-e8ea68efa121/tasks/f2be54c3-9205-4b64-888d-f71658423d26  {}  "Task not found!"  404
[2021-12-25T00:15:35.176] [INFO] out - DELETE  /boards/2a488847-8ab3-4d8f-b849-e8ea68efa121  {}  -  204
[2021-12-25T00:15:35.386] [INFO] out - GET  /users  {}  []  200
[2021-12-25T00:15:35.395] [INFO] out - POST  /users  {}  {"id":"e14cd067-3c04-4bff-a30f-5ef6963f6543","name":"TEST_USER","login":"test_user"}  201
[2021-12-25T00:15:35.398] [INFO] out - GET  /users/e14cd067-3c04-4bff-a30f-5ef6963f6543  {}  {"id":"e14cd067-3c04-4bff-a30f-5ef6963f6543","name":"TEST_USER","login":"test_user"}  200
[2021-12-25T00:15:35.401] [INFO] out - DELETE  /users/e14cd067-3c04-4bff-a30f-5ef6963f6543  {}  -  204
[2021-12-25T00:15:35.405] [INFO] out - POST  /users  {}  {"id":"8f9e853e-6f94-4654-9d5d-649b3347ee3e","name":"TEST_USER","login":"test_user"}  201
[2021-12-25T00:15:35.410] [INFO] out - DELETE  /users/8f9e853e-6f94-4654-9d5d-649b3347ee3e  {}  -  204
[2021-12-25T00:15:35.413] [INFO] out - POST  /users  {}  {"id":"58ee036a-b72a-4977-86c2-649443369126","name":"TEST_USER","login":"test_user"}  201
[2021-12-25T00:15:35.416] [INFO] out - PUT  /users/58ee036a-b72a-4977-86c2-649443369126  {}  {"id":"58ee036a-b72a-4977-86c2-649443369126","name":"Autotest updated TEST_USER","login":"test_user"}  200
[2021-12-25T00:15:35.419] [INFO] out - GET  /users/58ee036a-b72a-4977-86c2-649443369126  {}  {"id":"58ee036a-b72a-4977-86c2-649443369126","name":"Autotest updated TEST_USER","login":"test_user"}  200
[2021-12-25T00:15:35.422] [INFO] out - DELETE  /users/58ee036a-b72a-4977-86c2-649443369126  {}  -  204
[2021-12-25T00:15:35.425] [INFO] out - POST  /users  {}  {"id":"434a502b-7822-432c-8429-3b92cdd194e8","name":"TEST_USER","login":"test_user"}  201
[2021-12-25T00:15:35.428] [INFO] out - DELETE  /users/434a502b-7822-432c-8429-3b92cdd194e8  {}  -  204
[2021-12-25T00:15:35.431] [INFO] out - POST  /users  {}  {"id":"11971469-fe35-4a69-910e-05919922b26a","name":"TEST_USER","login":"test_user"}  201
[2021-12-25T00:15:35.434] [INFO] out - POST  /boards  {}  {"id":"e3810295-2971-4e3a-9892-5309934b3e42","title":"Autotest board","columns":[{"title":"Backlog","order":1},{"title":"Sprint","order":2}]}  201
[2021-12-25T00:15:35.439] [INFO] out - POST  /boards/e3810295-2971-4e3a-9892-5309934b3e42/tasks  {}  {"id":"62c83ef5-92a1-4c47-ab59-5eb4a8b541a0","title":"Task #2","order":2,"description":"Lorem ipsum","userId":"11971469-fe35-4a69-910e-05919922b26a","boardId":"e3810295-2971-4e3a-9892-5309934b3e42","columnId":null}  201
[2021-12-25T00:15:35.440] [INFO] out - POST  /boards/e3810295-2971-4e3a-9892-5309934b3e42/tasks  {}  {"id":"8f23e2c5-7662-48e0-a73f-efdab0089791","title":"Task #1","order":1,"description":"Lorem ipsum","userId":"11971469-fe35-4a69-910e-05919922b26a","boardId":"e3810295-2971-4e3a-9892-5309934b3e42","columnId":null}  201
[2021-12-25T00:15:35.442] [INFO] out - DELETE  /users/11971469-fe35-4a69-910e-05919922b26a  {}  -  204
[2021-12-25T00:15:35.444] [INFO] out - GET  /boards/e3810295-2971-4e3a-9892-5309934b3e42/tasks/8f23e2c5-7662-48e0-a73f-efdab0089791  {}  {"id":"8f23e2c5-7662-48e0-a73f-efdab0089791","title":"Task #1","order":1,"description":"Lorem ipsum","userId":null,"boardId":"e3810295-2971-4e3a-9892-5309934b3e42","columnId":null}  200
[2021-12-25T00:15:35.446] [INFO] out - GET  /boards/e3810295-2971-4e3a-9892-5309934b3e42/tasks/62c83ef5-92a1-4c47-ab59-5eb4a8b541a0  {}  {"id":"62c83ef5-92a1-4c47-ab59-5eb4a8b541a0","title":"Task #2","order":2,"description":"Lorem ipsum","userId":null,"boardId":"e3810295-2971-4e3a-9892-5309934b3e42","columnId":null}  200
[2021-12-25T00:15:35.448] [INFO] out - DELETE  /boards/e3810295-2971-4e3a-9892-5309934b3e42/tasks/62c83ef5-92a1-4c47-ab59-5eb4a8b541a0  {}  -  204
[2021-12-25T00:15:35.448] [INFO] out - DELETE  /boards/e3810295-2971-4e3a-9892-5309934b3e42/tasks/8f23e2c5-7662-48e0-a73f-efdab0089791  {}  -  204
[2021-12-25T00:15:35.455] [INFO] out - DELETE  /boards/e3810295-2971-4e3a-9892-5309934b3e42  {}  -  204
[2021-12-25T00:15:35.673] [INFO] out - POST  /boards  {}  {"id":"de92667b-3d7f-44d9-8599-a02145fcfebe","title":"Autotest board","columns":[{"title":"Backlog","order":1},{"title":"Sprint","order":2}]}  201
[2021-12-25T00:15:35.693] [INFO] out - GET  /boards  {}  [{"id":"de92667b-3d7f-44d9-8599-a02145fcfebe","title":"Autotest board","columns":[{"title":"Backlog","order":1},{"title":"Sprint","order":2}]}]  200
[2021-12-25T00:15:35.706] [INFO] out - GET  /boards  {}  [{"id":"de92667b-3d7f-44d9-8599-a02145fcfebe","title":"Autotest board","columns":[{"title":"Backlog","order":1},{"title":"Sprint","order":2}]}]  200
[2021-12-25T00:15:35.710] [INFO] out - GET  /boards/de92667b-3d7f-44d9-8599-a02145fcfebe  {}  {"id":"de92667b-3d7f-44d9-8599-a02145fcfebe","title":"Autotest board","columns":[{"title":"Backlog","order":1},{"title":"Sprint","order":2}]}  200
[2021-12-25T00:15:35.716] [INFO] out - POST  /boards  {}  {"id":"4356f379-7aa4-44a6-a0c2-913085581f17","title":"Autotest board","columns":[{"title":"Backlog","order":1},{"title":"Sprint","order":2}]}  201
[2021-12-25T00:15:35.721] [INFO] out - DELETE  /boards/4356f379-7aa4-44a6-a0c2-913085581f17  {}  -  204
[2021-12-25T00:15:35.726] [INFO] out - POST  /boards  {}  {"id":"5a7d053a-6b7d-4c04-a29d-0bdf1672fa4f","title":"Autotest board","columns":[{"title":"Backlog","order":1},{"title":"Sprint","order":2}]}  201
[2021-12-25T00:15:35.729] [INFO] out - PUT  /boards/5a7d053a-6b7d-4c04-a29d-0bdf1672fa4f  {}  {"id":"5a7d053a-6b7d-4c04-a29d-0bdf1672fa4f","title":"Autotest updated board","columns":[{"title":"Backlog","order":1},{"title":"Sprint","order":2}]}  200
[2021-12-25T00:15:35.734] [INFO] out - GET  /boards/5a7d053a-6b7d-4c04-a29d-0bdf1672fa4f  {}  {"id":"5a7d053a-6b7d-4c04-a29d-0bdf1672fa4f","title":"Autotest updated board","columns":[{"title":"Backlog","order":1},{"title":"Sprint","order":2}]}  200
[2021-12-25T00:15:35.738] [INFO] out - DELETE  /boards/5a7d053a-6b7d-4c04-a29d-0bdf1672fa4f  {}  -  204
[2021-12-25T00:15:35.743] [INFO] out - POST  /boards  {}  {"id":"837aa489-38c7-4a80-95e5-67ddab88f8bf","title":"Autotest board","columns":[{"title":"Backlog","order":1},{"title":"Sprint","order":2}]}  201
[2021-12-25T00:15:35.745] [INFO] out - DELETE  /boards/837aa489-38c7-4a80-95e5-67ddab88f8bf  {}  -  204
[2021-12-25T00:15:35.748] [WARN] out - GET  /boards/837aa489-38c7-4a80-95e5-67ddab88f8bf  {}  "Board not found!"  404
[2021-12-25T00:15:35.753] [INFO] out - POST  /boards  {}  {"id":"5686e95a-ef54-45bd-8cc3-29197d32a96d","title":"Autotest board","columns":[{"title":"Backlog","order":1},{"title":"Sprint","order":2}]}  201
[2021-12-25T00:15:35.761] [INFO] out - POST  /boards/5686e95a-ef54-45bd-8cc3-29197d32a96d/tasks  {}  {"id":"a65127d5-c5a4-4601-9e60-a533c35b602b","title":"Task #1","order":1,"description":"Lorem ipsum","userId":null,"boardId":"5686e95a-ef54-45bd-8cc3-29197d32a96d","columnId":null}  201
[2021-12-25T00:15:35.762] [INFO] out - POST  /boards/5686e95a-ef54-45bd-8cc3-29197d32a96d/tasks  {}  {"id":"57ced41a-8ede-4c3f-b7e5-c10812dc2de7","title":"Task #2","order":2,"description":"Lorem ipsum","userId":null,"boardId":"5686e95a-ef54-45bd-8cc3-29197d32a96d","columnId":null}  201
[2021-12-25T00:15:35.762] [INFO] out - POST  /boards/5686e95a-ef54-45bd-8cc3-29197d32a96d/tasks  {}  {"id":"8b4efafc-b943-4801-babb-cc80bc0009cf","title":"Task #3","order":3,"description":"Lorem ipsum","userId":null,"boardId":"5686e95a-ef54-45bd-8cc3-29197d32a96d","columnId":null}  201
[2021-12-25T00:15:35.763] [INFO] out - POST  /boards/5686e95a-ef54-45bd-8cc3-29197d32a96d/tasks  {}  {"id":"c723de5e-c26d-4ed0-a103-2c544916ec03","title":"Task #4","order":4,"description":"Lorem ipsum","userId":null,"boardId":"5686e95a-ef54-45bd-8cc3-29197d32a96d","columnId":null}  201
[2021-12-25T00:15:35.763] [INFO] out - POST  /boards/5686e95a-ef54-45bd-8cc3-29197d32a96d/tasks  {}  {"id":"231d3ff3-de6b-479d-8f11-d8f997db50ec","title":"Task #5","order":5,"description":"Lorem ipsum","userId":null,"boardId":"5686e95a-ef54-45bd-8cc3-29197d32a96d","columnId":null}  201
[2021-12-25T00:15:35.772] [INFO] out - GET  /boards/5686e95a-ef54-45bd-8cc3-29197d32a96d/tasks/a65127d5-c5a4-4601-9e60-a533c35b602b  {}  {"id":"a65127d5-c5a4-4601-9e60-a533c35b602b","title":"Task #1","order":1,"description":"Lorem ipsum","userId":null,"boardId":"5686e95a-ef54-45bd-8cc3-29197d32a96d","columnId":null}  200
[2021-12-25T00:15:35.772] [INFO] out - GET  /boards/5686e95a-ef54-45bd-8cc3-29197d32a96d/tasks/57ced41a-8ede-4c3f-b7e5-c10812dc2de7  {}  {"id":"57ced41a-8ede-4c3f-b7e5-c10812dc2de7","title":"Task #2","order":2,"description":"Lorem ipsum","userId":null,"boardId":"5686e95a-ef54-45bd-8cc3-29197d32a96d","columnId":null}  200
[2021-12-25T00:15:35.772] [INFO] out - GET  /boards/5686e95a-ef54-45bd-8cc3-29197d32a96d/tasks/8b4efafc-b943-4801-babb-cc80bc0009cf  {}  {"id":"8b4efafc-b943-4801-babb-cc80bc0009cf","title":"Task #3","order":3,"description":"Lorem ipsum","userId":null,"boardId":"5686e95a-ef54-45bd-8cc3-29197d32a96d","columnId":null}  200
[2021-12-25T00:15:35.773] [INFO] out - GET  /boards/5686e95a-ef54-45bd-8cc3-29197d32a96d/tasks/c723de5e-c26d-4ed0-a103-2c544916ec03  {}  {"id":"c723de5e-c26d-4ed0-a103-2c544916ec03","title":"Task #4","order":4,"description":"Lorem ipsum","userId":null,"boardId":"5686e95a-ef54-45bd-8cc3-29197d32a96d","columnId":null}  200
[2021-12-25T00:15:35.773] [INFO] out - GET  /boards/5686e95a-ef54-45bd-8cc3-29197d32a96d/tasks/231d3ff3-de6b-479d-8f11-d8f997db50ec  {}  {"id":"231d3ff3-de6b-479d-8f11-d8f997db50ec","title":"Task #5","order":5,"description":"Lorem ipsum","userId":null,"boardId":"5686e95a-ef54-45bd-8cc3-29197d32a96d","columnId":null}  200
[2021-12-25T00:15:35.775] [INFO] out - DELETE  /boards/5686e95a-ef54-45bd-8cc3-29197d32a96d  {}  -  204
[2021-12-25T00:15:35.780] [WARN] out - GET  /boards/5686e95a-ef54-45bd-8cc3-29197d32a96d/tasks/a65127d5-c5a4-4601-9e60-a533c35b602b  {}  "Task not found!"  404
[2021-12-25T00:15:35.780] [WARN] out - GET  /boards/5686e95a-ef54-45bd-8cc3-29197d32a96d/tasks/57ced41a-8ede-4c3f-b7e5-c10812dc2de7  {}  "Task not found!"  404
[2021-12-25T00:15:35.780] [WARN] out - GET  /boards/5686e95a-ef54-45bd-8cc3-29197d32a96d/tasks/8b4efafc-b943-4801-babb-cc80bc0009cf  {}  "Task not found!"  404
[2021-12-25T00:15:35.781] [WARN] out - GET  /boards/5686e95a-ef54-45bd-8cc3-29197d32a96d/tasks/c723de5e-c26d-4ed0-a103-2c544916ec03  {}  "Task not found!"  404
[2021-12-25T00:15:35.781] [WARN] out - GET  /boards/5686e95a-ef54-45bd-8cc3-29197d32a96d/tasks/231d3ff3-de6b-479d-8f11-d8f997db50ec  {}  "Task not found!"  404
[2021-12-25T00:15:35.784] [INFO] out - DELETE  /boards/de92667b-3d7f-44d9-8599-a02145fcfebe  {}  -  204
[2021-12-25T00:20:08.923] [INFO] out - POST  /boards  {}  {"id":"36f49051-5eed-4335-856e-2023617ced8b","title":"Autotest board","columns":[{"title":"Backlog","order":1},{"title":"Sprint","order":2}]}  201
[2021-12-25T00:20:08.937] [INFO] out - POST  /boards/36f49051-5eed-4335-856e-2023617ced8b/tasks  {}  {"id":"39152996-971a-4336-8437-67b8dc3fc9f0","title":"Autotest task","order":0,"description":"Lorem ipsum","userId":null,"boardId":"36f49051-5eed-4335-856e-2023617ced8b","columnId":null}  201
[2021-12-25T00:20:08.953] [INFO] out - GET  /boards/36f49051-5eed-4335-856e-2023617ced8b/tasks  {}  [{"id":"39152996-971a-4336-8437-67b8dc3fc9f0","title":"Autotest task","order":0,"description":"Lorem ipsum","userId":null,"boardId":"36f49051-5eed-4335-856e-2023617ced8b","columnId":null}]  200
[2021-12-25T00:20:08.982] [INFO] out - GET  /boards/36f49051-5eed-4335-856e-2023617ced8b/tasks  {}  [{"id":"39152996-971a-4336-8437-67b8dc3fc9f0","title":"Autotest task","order":0,"description":"Lorem ipsum","userId":null,"boardId":"36f49051-5eed-4335-856e-2023617ced8b","columnId":null}]  200
[2021-12-25T00:20:08.987] [INFO] out - GET  /boards/36f49051-5eed-4335-856e-2023617ced8b/tasks/39152996-971a-4336-8437-67b8dc3fc9f0  {}  {"id":"39152996-971a-4336-8437-67b8dc3fc9f0","title":"Autotest task","order":0,"description":"Lorem ipsum","userId":null,"boardId":"36f49051-5eed-4335-856e-2023617ced8b","columnId":null}  200
[2021-12-25T00:20:08.994] [INFO] out - POST  /boards/36f49051-5eed-4335-856e-2023617ced8b/tasks  {}  {"id":"cf44139b-7471-4272-a010-33931c84791f","title":"Autotest task","order":0,"description":"Lorem ipsum","userId":null,"boardId":"36f49051-5eed-4335-856e-2023617ced8b","columnId":null}  201
[2021-12-25T00:20:08.999] [INFO] out - DELETE  /boards/36f49051-5eed-4335-856e-2023617ced8b/tasks/cf44139b-7471-4272-a010-33931c84791f  {}  -  204
[2021-12-25T00:20:09.005] [INFO] out - POST  /boards/36f49051-5eed-4335-856e-2023617ced8b/tasks  {}  {"id":"bc8a3194-581e-4ece-ac01-b2d3f61075a2","title":"Autotest task","order":0,"description":"Lorem ipsum","userId":null,"boardId":"36f49051-5eed-4335-856e-2023617ced8b","columnId":null}  201
[2021-12-25T00:20:09.011] [INFO] out - PUT  /boards/36f49051-5eed-4335-856e-2023617ced8b/tasks/bc8a3194-581e-4ece-ac01-b2d3f61075a2  {}  {"id":"bc8a3194-581e-4ece-ac01-b2d3f61075a2","title":"Autotest updated task","order":0,"description":"Lorem ipsum","userId":null,"boardId":"36f49051-5eed-4335-856e-2023617ced8b","columnId":null}  200
[2021-12-25T00:20:09.016] [INFO] out - GET  /boards/36f49051-5eed-4335-856e-2023617ced8b/tasks/bc8a3194-581e-4ece-ac01-b2d3f61075a2  {}  {"id":"bc8a3194-581e-4ece-ac01-b2d3f61075a2","title":"Autotest updated task","order":0,"description":"Lorem ipsum","userId":null,"boardId":"36f49051-5eed-4335-856e-2023617ced8b","columnId":null}  200
[2021-12-25T00:20:09.020] [INFO] out - GET  /boards/36f49051-5eed-4335-856e-2023617ced8b/tasks/39152996-971a-4336-8437-67b8dc3fc9f0  {}  {"id":"39152996-971a-4336-8437-67b8dc3fc9f0","title":"Autotest task","order":0,"description":"Lorem ipsum","userId":null,"boardId":"36f49051-5eed-4335-856e-2023617ced8b","columnId":null}  200
[2021-12-25T00:20:09.023] [INFO] out - DELETE  /boards/36f49051-5eed-4335-856e-2023617ced8b/tasks/39152996-971a-4336-8437-67b8dc3fc9f0  {}  -  204
[2021-12-25T00:20:09.028] [WARN] out - GET  /boards/36f49051-5eed-4335-856e-2023617ced8b/tasks/39152996-971a-4336-8437-67b8dc3fc9f0  {}  "Task not found!"  404
[2021-12-25T00:20:09.032] [INFO] out - DELETE  /boards/36f49051-5eed-4335-856e-2023617ced8b  {}  -  204
[2021-12-25T00:20:09.237] [INFO] out - POST  /boards  {}  {"id":"78f90b38-4303-48c8-bff2-9ff0774ed161","title":"Autotest board","columns":[{"title":"Backlog","order":1},{"title":"Sprint","order":2}]}  201
[2021-12-25T00:20:09.258] [INFO] out - GET  /boards  {}  [{"id":"78f90b38-4303-48c8-bff2-9ff0774ed161","title":"Autotest board","columns":[{"title":"Backlog","order":1},{"title":"Sprint","order":2}]}]  200
[2021-12-25T00:20:09.268] [INFO] out - GET  /boards  {}  [{"id":"78f90b38-4303-48c8-bff2-9ff0774ed161","title":"Autotest board","columns":[{"title":"Backlog","order":1},{"title":"Sprint","order":2}]}]  200
[2021-12-25T00:20:09.271] [INFO] out - GET  /boards/78f90b38-4303-48c8-bff2-9ff0774ed161  {}  {"id":"78f90b38-4303-48c8-bff2-9ff0774ed161","title":"Autotest board","columns":[{"title":"Backlog","order":1},{"title":"Sprint","order":2}]}  200
[2021-12-25T00:20:09.277] [INFO] out - POST  /boards  {}  {"id":"c3ca61b1-1f70-4021-8eed-e8f9411d6d7d","title":"Autotest board","columns":[{"title":"Backlog","order":1},{"title":"Sprint","order":2}]}  201
[2021-12-25T00:20:09.280] [INFO] out - DELETE  /boards/c3ca61b1-1f70-4021-8eed-e8f9411d6d7d  {}  -  204
[2021-12-25T00:20:09.284] [INFO] out - POST  /boards  {}  {"id":"e3df44db-3e06-4293-be44-2c2f83b25c6c","title":"Autotest board","columns":[{"title":"Backlog","order":1},{"title":"Sprint","order":2}]}  201
[2021-12-25T00:20:09.287] [INFO] out - PUT  /boards/e3df44db-3e06-4293-be44-2c2f83b25c6c  {}  {"id":"e3df44db-3e06-4293-be44-2c2f83b25c6c","title":"Autotest updated board","columns":[{"title":"Backlog","order":1},{"title":"Sprint","order":2}]}  200
[2021-12-25T00:20:09.290] [INFO] out - GET  /boards/e3df44db-3e06-4293-be44-2c2f83b25c6c  {}  {"id":"e3df44db-3e06-4293-be44-2c2f83b25c6c","title":"Autotest updated board","columns":[{"title":"Backlog","order":1},{"title":"Sprint","order":2}]}  200
[2021-12-25T00:20:09.294] [INFO] out - DELETE  /boards/e3df44db-3e06-4293-be44-2c2f83b25c6c  {}  -  204
[2021-12-25T00:20:09.299] [INFO] out - POST  /boards  {}  {"id":"bd024f8c-8222-49bb-bd13-a804c48bc26a","title":"Autotest board","columns":[{"title":"Backlog","order":1},{"title":"Sprint","order":2}]}  201
[2021-12-25T00:20:09.300] [INFO] out - DELETE  /boards/bd024f8c-8222-49bb-bd13-a804c48bc26a  {}  -  204
[2021-12-25T00:20:09.308] [WARN] out - GET  /boards/bd024f8c-8222-49bb-bd13-a804c48bc26a  {}  "Board not found!"  404
[2021-12-25T00:20:09.313] [INFO] out - POST  /boards  {}  {"id":"ad6572db-2d89-4c54-9034-3fa6b93c95ac","title":"Autotest board","columns":[{"title":"Backlog","order":1},{"title":"Sprint","order":2}]}  201
[2021-12-25T00:20:09.319] [INFO] out - POST  /boards/ad6572db-2d89-4c54-9034-3fa6b93c95ac/tasks  {}  {"id":"24adb0a5-7aa7-43f9-9361-3577eae4df81","title":"Task #1","order":1,"description":"Lorem ipsum","userId":null,"boardId":"ad6572db-2d89-4c54-9034-3fa6b93c95ac","columnId":null}  201
[2021-12-25T00:20:09.319] [INFO] out - POST  /boards/ad6572db-2d89-4c54-9034-3fa6b93c95ac/tasks  {}  {"id":"564dea05-6320-4c62-9b9a-ffd890556261","title":"Task #2","order":2,"description":"Lorem ipsum","userId":null,"boardId":"ad6572db-2d89-4c54-9034-3fa6b93c95ac","columnId":null}  201
[2021-12-25T00:20:09.320] [INFO] out - POST  /boards/ad6572db-2d89-4c54-9034-3fa6b93c95ac/tasks  {}  {"id":"24e8bddb-798d-429a-b69f-5276573ab46e","title":"Task #3","order":3,"description":"Lorem ipsum","userId":null,"boardId":"ad6572db-2d89-4c54-9034-3fa6b93c95ac","columnId":null}  201
[2021-12-25T00:20:09.320] [INFO] out - POST  /boards/ad6572db-2d89-4c54-9034-3fa6b93c95ac/tasks  {}  {"id":"4c41d69a-15d7-4609-9f49-7a08a0370a78","title":"Task #4","order":4,"description":"Lorem ipsum","userId":null,"boardId":"ad6572db-2d89-4c54-9034-3fa6b93c95ac","columnId":null}  201
[2021-12-25T00:20:09.321] [INFO] out - POST  /boards/ad6572db-2d89-4c54-9034-3fa6b93c95ac/tasks  {}  {"id":"3d8a1a9c-44b1-4f37-8cbe-67daa582e282","title":"Task #5","order":5,"description":"Lorem ipsum","userId":null,"boardId":"ad6572db-2d89-4c54-9034-3fa6b93c95ac","columnId":null}  201
[2021-12-25T00:20:09.327] [INFO] out - GET  /boards/ad6572db-2d89-4c54-9034-3fa6b93c95ac/tasks/24adb0a5-7aa7-43f9-9361-3577eae4df81  {}  {"id":"24adb0a5-7aa7-43f9-9361-3577eae4df81","title":"Task #1","order":1,"description":"Lorem ipsum","userId":null,"boardId":"ad6572db-2d89-4c54-9034-3fa6b93c95ac","columnId":null}  200
[2021-12-25T00:20:09.328] [INFO] out - GET  /boards/ad6572db-2d89-4c54-9034-3fa6b93c95ac/tasks/564dea05-6320-4c62-9b9a-ffd890556261  {}  {"id":"564dea05-6320-4c62-9b9a-ffd890556261","title":"Task #2","order":2,"description":"Lorem ipsum","userId":null,"boardId":"ad6572db-2d89-4c54-9034-3fa6b93c95ac","columnId":null}  200
[2021-12-25T00:20:09.328] [INFO] out - GET  /boards/ad6572db-2d89-4c54-9034-3fa6b93c95ac/tasks/24e8bddb-798d-429a-b69f-5276573ab46e  {}  {"id":"24e8bddb-798d-429a-b69f-5276573ab46e","title":"Task #3","order":3,"description":"Lorem ipsum","userId":null,"boardId":"ad6572db-2d89-4c54-9034-3fa6b93c95ac","columnId":null}  200
[2021-12-25T00:20:09.329] [INFO] out - GET  /boards/ad6572db-2d89-4c54-9034-3fa6b93c95ac/tasks/4c41d69a-15d7-4609-9f49-7a08a0370a78  {}  {"id":"4c41d69a-15d7-4609-9f49-7a08a0370a78","title":"Task #4","order":4,"description":"Lorem ipsum","userId":null,"boardId":"ad6572db-2d89-4c54-9034-3fa6b93c95ac","columnId":null}  200
[2021-12-25T00:20:09.330] [INFO] out - GET  /boards/ad6572db-2d89-4c54-9034-3fa6b93c95ac/tasks/3d8a1a9c-44b1-4f37-8cbe-67daa582e282  {}  {"id":"3d8a1a9c-44b1-4f37-8cbe-67daa582e282","title":"Task #5","order":5,"description":"Lorem ipsum","userId":null,"boardId":"ad6572db-2d89-4c54-9034-3fa6b93c95ac","columnId":null}  200
[2021-12-25T00:20:09.332] [INFO] out - DELETE  /boards/ad6572db-2d89-4c54-9034-3fa6b93c95ac  {}  -  204
[2021-12-25T00:20:09.338] [WARN] out - GET  /boards/ad6572db-2d89-4c54-9034-3fa6b93c95ac/tasks/24adb0a5-7aa7-43f9-9361-3577eae4df81  {}  "Task not found!"  404
[2021-12-25T00:20:09.338] [WARN] out - GET  /boards/ad6572db-2d89-4c54-9034-3fa6b93c95ac/tasks/564dea05-6320-4c62-9b9a-ffd890556261  {}  "Task not found!"  404
[2021-12-25T00:20:09.339] [WARN] out - GET  /boards/ad6572db-2d89-4c54-9034-3fa6b93c95ac/tasks/24e8bddb-798d-429a-b69f-5276573ab46e  {}  "Task not found!"  404
[2021-12-25T00:20:09.339] [WARN] out - GET  /boards/ad6572db-2d89-4c54-9034-3fa6b93c95ac/tasks/4c41d69a-15d7-4609-9f49-7a08a0370a78  {}  "Task not found!"  404
[2021-12-25T00:20:09.340] [WARN] out - GET  /boards/ad6572db-2d89-4c54-9034-3fa6b93c95ac/tasks/3d8a1a9c-44b1-4f37-8cbe-67daa582e282  {}  "Task not found!"  404
[2021-12-25T00:20:09.342] [INFO] out - DELETE  /boards/78f90b38-4303-48c8-bff2-9ff0774ed161  {}  -  204
[2021-12-25T00:20:09.567] [INFO] out - GET  /users  {}  []  200
[2021-12-25T00:20:09.576] [INFO] out - POST  /users  {}  {"id":"b42c1be2-a5b9-45e1-afb0-20b5b53616fb","name":"TEST_USER","login":"test_user"}  201
[2021-12-25T00:20:09.580] [INFO] out - GET  /users/b42c1be2-a5b9-45e1-afb0-20b5b53616fb  {}  {"id":"b42c1be2-a5b9-45e1-afb0-20b5b53616fb","name":"TEST_USER","login":"test_user"}  200
[2021-12-25T00:20:09.583] [INFO] out - DELETE  /users/b42c1be2-a5b9-45e1-afb0-20b5b53616fb  {}  -  204
[2021-12-25T00:20:09.586] [INFO] out - POST  /users  {}  {"id":"f034d5b1-0195-48c4-81d4-b61b467a1d73","name":"TEST_USER","login":"test_user"}  201
[2021-12-25T00:20:09.592] [INFO] out - DELETE  /users/f034d5b1-0195-48c4-81d4-b61b467a1d73  {}  -  204
[2021-12-25T00:20:09.596] [INFO] out - POST  /users  {}  {"id":"e6431b01-48e7-44ad-9c74-ca196fe62a61","name":"TEST_USER","login":"test_user"}  201
[2021-12-25T00:20:09.599] [INFO] out - PUT  /users/e6431b01-48e7-44ad-9c74-ca196fe62a61  {}  {"id":"e6431b01-48e7-44ad-9c74-ca196fe62a61","name":"Autotest updated TEST_USER","login":"test_user"}  200
[2021-12-25T00:20:09.601] [INFO] out - GET  /users/e6431b01-48e7-44ad-9c74-ca196fe62a61  {}  {"id":"e6431b01-48e7-44ad-9c74-ca196fe62a61","name":"Autotest updated TEST_USER","login":"test_user"}  200
[2021-12-25T00:20:09.603] [INFO] out - DELETE  /users/e6431b01-48e7-44ad-9c74-ca196fe62a61  {}  -  204
[2021-12-25T00:20:09.606] [INFO] out - POST  /users  {}  {"id":"965b1dc7-8778-428b-96ef-8347b2ceddde","name":"TEST_USER","login":"test_user"}  201
[2021-12-25T00:20:09.608] [INFO] out - DELETE  /users/965b1dc7-8778-428b-96ef-8347b2ceddde  {}  -  204
[2021-12-25T00:20:09.614] [INFO] out - POST  /users  {}  {"id":"8ee6f9e2-5ffa-4b4a-af17-be685da33a11","name":"TEST_USER","login":"test_user"}  201
[2021-12-25T00:20:09.616] [INFO] out - POST  /boards  {}  {"id":"a9d40a25-1aa8-4691-9dba-f06fa27cb18b","title":"Autotest board","columns":[{"title":"Backlog","order":1},{"title":"Sprint","order":2}]}  201
[2021-12-25T00:20:09.620] [INFO] out - POST  /boards/a9d40a25-1aa8-4691-9dba-f06fa27cb18b/tasks  {}  {"id":"3c4f6237-1bef-49e9-886d-6250d18e31a6","title":"Task #1","order":1,"description":"Lorem ipsum","userId":"8ee6f9e2-5ffa-4b4a-af17-be685da33a11","boardId":"a9d40a25-1aa8-4691-9dba-f06fa27cb18b","columnId":null}  201
[2021-12-25T00:20:09.621] [INFO] out - POST  /boards/a9d40a25-1aa8-4691-9dba-f06fa27cb18b/tasks  {}  {"id":"d804d647-9b04-48b3-a82c-b61848286c20","title":"Task #2","order":2,"description":"Lorem ipsum","userId":"8ee6f9e2-5ffa-4b4a-af17-be685da33a11","boardId":"a9d40a25-1aa8-4691-9dba-f06fa27cb18b","columnId":null}  201
[2021-12-25T00:20:09.623] [INFO] out - DELETE  /users/8ee6f9e2-5ffa-4b4a-af17-be685da33a11  {}  -  204
[2021-12-25T00:20:09.626] [INFO] out - GET  /boards/a9d40a25-1aa8-4691-9dba-f06fa27cb18b/tasks/3c4f6237-1bef-49e9-886d-6250d18e31a6  {}  {"id":"3c4f6237-1bef-49e9-886d-6250d18e31a6","title":"Task #1","order":1,"description":"Lorem ipsum","userId":null,"boardId":"a9d40a25-1aa8-4691-9dba-f06fa27cb18b","columnId":null}  200
[2021-12-25T00:20:09.629] [INFO] out - GET  /boards/a9d40a25-1aa8-4691-9dba-f06fa27cb18b/tasks/d804d647-9b04-48b3-a82c-b61848286c20  {}  {"id":"d804d647-9b04-48b3-a82c-b61848286c20","title":"Task #2","order":2,"description":"Lorem ipsum","userId":null,"boardId":"a9d40a25-1aa8-4691-9dba-f06fa27cb18b","columnId":null}  200
[2021-12-25T00:20:09.632] [INFO] out - DELETE  /boards/a9d40a25-1aa8-4691-9dba-f06fa27cb18b/tasks/3c4f6237-1bef-49e9-886d-6250d18e31a6  {}  -  204
[2021-12-25T00:20:09.633] [INFO] out - DELETE  /boards/a9d40a25-1aa8-4691-9dba-f06fa27cb18b/tasks/d804d647-9b04-48b3-a82c-b61848286c20  {}  -  204
[2021-12-25T00:20:09.634] [INFO] out - DELETE  /boards/a9d40a25-1aa8-4691-9dba-f06fa27cb18b  {}  -  204
